0 info it worked if it ends with ok
1 verbose cli [ 'C:\\nodejs\\node.exe',
1 verbose cli   'C:\\nodejs\\node_modules\\npm\\bin\\npm-cli.js',
1 verbose cli   'run',
1 verbose cli   'it' ]
2 info using npm@3.10.10
3 info using node@v6.10.0
4 verbose run-script [ 'preit', 'it', 'postit' ]
5 info lifecycle reactproj1@1.0.0~preit: reactproj1@1.0.0
6 silly lifecycle reactproj1@1.0.0~preit: no script for preit, continuing
7 info lifecycle reactproj1@1.0.0~it: reactproj1@1.0.0
8 verbose lifecycle reactproj1@1.0.0~it: unsafe-perm in lifecycle true
9 verbose lifecycle reactproj1@1.0.0~it: PATH: C:\nodejs\node_modules\npm\bin\node-gyp-bin;D:\Roopa\EBooks\ReactJS\practice\11-Connect React and Redux\node_modules\.bin;C:\ProgramData\Oracle\Java\javapath;C:\Program Files (x86)\Intel\iCLS Client\;C:\Program Files\Intel\iCLS Client\;C:\Windows\system32;C:\Windows;C:\Windows\System32\Wbem;C:\Windows\System32\WindowsPowerShell\v1.0\;C:\Program Files (x86)\Windows Live\Shared;C:\Program Files\Intel\Intel(R) Management Engine Components\DAL;C:\Program Files\Intel\Intel(R) Management Engine Components\IPT;C:\Program Files (x86)\Intel\Intel(R) Management Engine Components\DAL;C:\Program Files (x86)\Intel\Intel(R) Management Engine Components\IPT;C:\Program Files (x86)\Intel\OpenCL SDK\2.0\bin\x86;C:\Program Files (x86)\Intel\OpenCL SDK\2.0\bin\x64;C:\Program Files (x86)\Windows Kits\8.1\Windows Performance Toolkit\;C:\Program Files\Microsoft SQL Server\110\Tools\Binn\;C:\Program Files\TortoiseSVN\bin;C:\nodejs\node_modules\cordova\bin;C:\Program Files (x86)\Java\jdk1.7.0_60\bin;C:\apache-ant-1.9.4\bin;C:\WINDOWS\system32;C:\WINDOWS;C:\WINDOWS\System32\Wbem;C:\WINDOWS\System32\WindowsPowerShell\v1.0\;c:\php;C:\xampp\php;C:\ProgramData\ComposerSetup\bin;C:\nodejs\;C:\Program Files (x86)\Skype\Phone\;C:\Users\carevium3\AppData\Roaming\Composer\vendor\bin;C:\Users\carevium3\AppData\Local\Programs\Python\Python35-32\;C:\Users\carevium3\AppData\Local\Programs\Python\Python35-32\Scripts\;C:\Program Files\MongoDB\Server\3.4\bin;C:\Users\carevium3\AppData\Local\Microsoft\WindowsApps;C:\Users\carevium3\AppData\Roaming\npm;C:\Program Files (x86)\Microsoft VS Code\bin;
10 verbose lifecycle reactproj1@1.0.0~it: CWD: D:\Roopa\EBooks\ReactJS\practice\11-Connect React and Redux
11 silly lifecycle reactproj1@1.0.0~it: Args: [ '/d /s /c', 'webpack-dev-server --hot' ]
12 verbose stack Error: kill ENOSYS
12 verbose stack     at exports._errnoException (util.js:1022:11)
12 verbose stack     at process.kill (internal/process.js:172:13)
12 verbose stack     at process.listener (C:\nodejs\node_modules\npm\node_modules\npmlog\node_modules\gauge\node_modules\signal-exit\index.js:86:15)
12 verbose stack     at emitNone (events.js:91:20)
12 verbose stack     at process.emit (events.js:185:7)
12 verbose stack     at processEmit (C:\nodejs\node_modules\npm\node_modules\npmlog\node_modules\gauge\node_modules\signal-exit\index.js:146:32)
12 verbose stack     at processEmit (C:\nodejs\node_modules\npm\node_modules\npm-registry-client\node_modules\npmlog\node_modules\gauge\node_modules\signal-exit\index.js:146:32)
12 verbose stack     at Signal.wrap.onsignal (internal/process.js:199:44)
13 verbose cwd D:\Roopa\EBooks\ReactJS\practice\11-Connect React and Redux
14 error Windows_NT 10.0.15063
15 error argv "C:\\nodejs\\node.exe" "C:\\nodejs\\node_modules\\npm\\bin\\npm-cli.js" "run" "it"
16 error node v6.10.0
17 error npm  v3.10.10
18 error code ENOSYS
19 error errno ENOSYS
20 error syscall kill
21 error kill ENOSYS
22 error If you need help, you may report this error at:
22 error     <https://github.com/npm/npm/issues>
23 verbose exit [ 1, true ]
