0 info it worked if it ends with ok
1 verbose cli [ 'C:\\nodejs\\node.exe',
1 verbose cli   'C:\\nodejs\\node_modules\\npm\\bin\\npm-cli.js',
1 verbose cli   'run',
1 verbose cli   'it' ]
2 info using npm@3.10.10
3 info using node@v6.10.0
4 verbose run-script [ 'preit', 'it', 'postit' ]
5 info lifecycle reactproj1@1.0.0~preit: reactproj1@1.0.0
6 silly lifecycle reactproj1@1.0.0~preit: no script for preit, continuing
7 info lifecycle reactproj1@1.0.0~it: reactproj1@1.0.0
8 verbose lifecycle reactproj1@1.0.0~it: unsafe-perm in lifecycle true
9 verbose lifecycle reactproj1@1.0.0~it: PATH: C:\nodejs\node_modules\npm\bin\node-gyp-bin;D:\Roopa\EBooks\ReactJS\practice\10-Redux Middleware\node_modules\.bin;C:\ProgramData\Oracle\Java\javapath;C:\Program Files (x86)\Intel\iCLS Client\;C:\Program Files\Intel\iCLS Client\;C:\Windows\system32;C:\Windows;C:\Windows\System32\Wbem;C:\Windows\System32\WindowsPowerShell\v1.0\;C:\Program Files (x86)\Windows Live\Shared;C:\Program Files\Intel\Intel(R) Management Engine Components\DAL;C:\Program Files\Intel\Intel(R) Management Engine Components\IPT;C:\Program Files (x86)\Intel\Intel(R) Management Engine Components\DAL;C:\Program Files (x86)\Intel\Intel(R) Management Engine Components\IPT;C:\Program Files (x86)\Intel\OpenCL SDK\2.0\bin\x86;C:\Program Files (x86)\Intel\OpenCL SDK\2.0\bin\x64;C:\Program Files (x86)\Windows Kits\8.1\Windows Performance Toolkit\;C:\Program Files\Microsoft SQL Server\110\Tools\Binn\;C:\Program Files\TortoiseSVN\bin;C:\nodejs\node_modules\cordova\bin;C:\Program Files (x86)\Java\jdk1.7.0_60\bin;C:\apache-ant-1.9.4\bin;C:\WINDOWS\system32;C:\WINDOWS;C:\WINDOWS\System32\Wbem;C:\WINDOWS\System32\WindowsPowerShell\v1.0\;c:\php;C:\xampp\php;C:\ProgramData\ComposerSetup\bin;C:\nodejs\;C:\Program Files (x86)\Skype\Phone\;C:\Users\carevium3\AppData\Roaming\Composer\vendor\bin;C:\Users\carevium3\AppData\Local\Programs\Python\Python35-32\;C:\Users\carevium3\AppData\Local\Programs\Python\Python35-32\Scripts\;C:\Program Files\MongoDB\Server\3.4\bin;C:\Users\carevium3\AppData\Local\Microsoft\WindowsApps;C:\Users\carevium3\AppData\Roaming\npm;C:\Program Files (x86)\Microsoft VS Code\bin
10 verbose lifecycle reactproj1@1.0.0~it: CWD: D:\Roopa\EBooks\ReactJS\practice\10-Redux Middleware
11 silly lifecycle reactproj1@1.0.0~it: Args: [ '/d /s /c', 'webpack-dev-server --hot' ]
12 silly lifecycle reactproj1@1.0.0~it: Returned: code: 3221225786  signal: null
13 info lifecycle reactproj1@1.0.0~it: Failed to exec it script
14 verbose stack Error: reactproj1@1.0.0 it: `webpack-dev-server --hot`
14 verbose stack Exit status 3221225786
14 verbose stack     at EventEmitter.<anonymous> (C:\nodejs\node_modules\npm\lib\utils\lifecycle.js:255:16)
14 verbose stack     at emitTwo (events.js:106:13)
14 verbose stack     at EventEmitter.emit (events.js:191:7)
14 verbose stack     at ChildProcess.<anonymous> (C:\nodejs\node_modules\npm\lib\utils\spawn.js:40:14)
14 verbose stack     at emitTwo (events.js:106:13)
14 verbose stack     at ChildProcess.emit (events.js:191:7)
14 verbose stack     at maybeClose (internal/child_process.js:877:16)
14 verbose stack     at Process.ChildProcess._handle.onexit (internal/child_process.js:226:5)
15 verbose pkgid reactproj1@1.0.0
16 verbose cwd D:\Roopa\EBooks\ReactJS\practice\10-Redux Middleware
17 error Windows_NT 10.0.14393
18 error argv "C:\\nodejs\\node.exe" "C:\\nodejs\\node_modules\\npm\\bin\\npm-cli.js" "run" "it"
19 error node v6.10.0
20 error npm  v3.10.10
21 error code ELIFECYCLE
22 error reactproj1@1.0.0 it: `webpack-dev-server --hot`
22 error Exit status 3221225786
23 error Failed at the reactproj1@1.0.0 it script 'webpack-dev-server --hot'.
23 error Make sure you have the latest version of node.js and npm installed.
23 error If you do, this is most likely a problem with the reactproj1 package,
23 error not with npm itself.
23 error Tell the author that this fails on your system:
23 error     webpack-dev-server --hot
23 error You can get information on how to open an issue for this project with:
23 error     npm bugs reactproj1
23 error Or if that isn't available, you can get their info via:
23 error     npm owner ls reactproj1
23 error There is likely additional logging output above.
24 verbose exit [ 1, true ]
